25.09.2018 16:26:23.907: ..........Версия: 6.3.4.............
25.09.2018 16:26:44.057: Кассовый аппарат найден
25.09.2018 16:26:44.729: BSKLIB Ver: 5.6.3; File: F:\УПП 6.2.5.131\Erlib.dll
25.09.2018 16:26:45.460: PointID: 1170052609694336
25.09.2018 16:26:46.472: Ридер найден
25.09.2018 16:26:46.474:   КАССА -> GetStatus = 0
25.09.2018 16:28:50.976: ..........Версия: 6.3.4.............
25.09.2018 16:29:11.112: Кассовый аппарат найден
25.09.2018 16:29:11.781: BSKLIB Ver: 5.6.3; File: F:\УПП 6.2.5.131\Erlib.dll
25.09.2018 16:29:12.554: PointID: 1170052609694336
25.09.2018 16:29:14.306: Ридер найден
25.09.2018 16:29:14.309:   КАССА -> GetStatus = 0
25.09.2018 16:29:22.507: Тех-карта тип 121
25.09.2018 16:29:22.508: Тех-карта тип 121 обмен ...
25.09.2018 16:29:22.552: *****проверена карта кассира: 36081385846891780; номер кассира: 218
25.09.2018 16:29:22.574: Тех-карта результат от сервера : Аутентификация проведена успешно, но требуется проверка карты рабочего места (126)
25.09.2018 16:29:24.145: Тех-карта тип 120
25.09.2018 16:29:24.145: Тех-карта тип 120 обмен ...
25.09.2018 16:29:24.201: *****проверена карта рабочего места: 36066744031200516; номер рабочего места: 66
25.09.2018 16:29:24.236:   КАССА -> GetStatus = 0
25.09.2018 16:30:41.003: ..........Версия: 6.3.4.............
25.09.2018 16:31:01.141: Кассовый аппарат найден
25.09.2018 16:31:01.816: BSKLIB Ver: 5.6.3; File: F:\УПП 6.2.5.131\Erlib.dll
25.09.2018 16:31:02.607: PointID: 1170052609694336
25.09.2018 16:31:04.372: Ридер найден
25.09.2018 16:31:04.375:   КАССА -> GetStatus = 0
25.09.2018 16:31:08.632: Тех-карта тип 121
25.09.2018 16:31:08.632: Тех-карта тип 121 обмен ...
25.09.2018 16:31:08.686: *****проверена карта кассира: 36081385846891780; номер кассира: 218
25.09.2018 16:31:08.708: Тех-карта результат от сервера : Аутентификация проведена успешно, но требуется проверка карты рабочего места (126)
25.09.2018 16:31:10.055: Тех-карта тип 120
25.09.2018 16:31:10.056: Тех-карта тип 120 обмен ...
25.09.2018 16:31:10.111: *****проверена карта рабочего места: 36066744031200516; номер рабочего места: 66
25.09.2018 16:31:10.144:   КАССА -> GetStatus = 0
25.09.2018 16:31:14.538: *****кассир зарегистрирован******
25.09.2018 16:31:17.393:   КАССА -> GetStatus = 0
25.09.2018 16:31:24.072: **НАЧАЛО**ReadCardAndGetMenuData
25.09.2018 16:31:24.084:   ===Карта: 36064300196694020
25.09.2018 16:31:24.543:   GetMenuData: Карта не годна! - ЧЁРНЫЙ СПИСОК! (23)
25.09.2018 16:31:24.543: **КОНЕЦ**ReadCardAndGetMenuData: Карта не годна! - ЧЁРНЫЙ СПИСОК! (23)
25.09.2018 16:33:00.680: **НАЧАЛО**ReadCardAndGetMenuData
25.09.2018 16:33:00.693:   ===Карта: 36064300196694020
25.09.2018 16:33:01.535:   GetMenuData: Карта в черном списке метрополитена (33)
25.09.2018 16:33:01.535: **КОНЕЦ**ReadCardAndGetMenuData: Карта в черном списке метрополитена (33)
25.09.2018 17:32:48.657: ..........Версия: 6.3.4.............
25.09.2018 17:33:08.808: Кассовый аппарат найден
25.09.2018 17:33:09.505: BSKLIB Ver: 5.6.3; File: F:\УПП 6.2.5.131\Erlib.dll
25.09.2018 17:33:10.258: PointID: 1170052609694336
25.09.2018 17:33:12.021: Ридер найден
25.09.2018 17:33:12.024:   КАССА -> GetStatus = 0
25.09.2018 17:33:15.736: Тех-карта тип 121
25.09.2018 17:33:15.737: Тех-карта тип 121 обмен ...
25.09.2018 17:33:15.780: *****проверена карта кассира: 36081385846891780; номер кассира: 218
25.09.2018 17:33:15.802: Тех-карта результат от сервера : Аутентификация проведена успешно, но требуется проверка карты рабочего места (126)
25.09.2018 17:33:17.370: Тех-карта тип 120
25.09.2018 17:33:17.370: Тех-карта тип 120 обмен ...
25.09.2018 17:33:17.434: *****проверена карта рабочего места: 36066744031200516; номер рабочего места: 66
25.09.2018 17:33:17.468:   КАССА -> GetStatus = 0
25.09.2018 17:33:22.256: **НАЧАЛО**ReadCardAndGetMenuData
25.09.2018 17:33:22.269:   ===Карта: 36064300196694020
25.09.2018 17:33:22.410:   GetMenuData: Карта не годна! - ЧЁРНЫЙ СПИСОК! (23)
25.09.2018 17:33:22.410: **КОНЕЦ**ReadCardAndGetMenuData: Карта не годна! - ЧЁРНЫЙ СПИСОК! (23)
25.09.2018 17:34:06.421: **НАЧАЛО**ReadCardAndGetMenuData
25.09.2018 17:34:06.434:   ===Карта: 36064300196694020
25.09.2018 17:34:06.577:   >>Прочитанные данные:
Карта №36064300196694020
данные о записанном ПБ отсутствуют
данные о записанном ПБ отсутствуют
Единый электронный билет-пополнение 
Ресурс 4953 руб. 0 коп. 
данные о записанном ПБ отсутствуют 
Неактивирован 
Остаток неактивированных билетов 0
25.09.2018 17:34:06.578: **КОНЕЦ**ReadCardAndGetMenuData: OK (0)
25.09.2018 17:34:08.958: **НАЧАЛО**ReadCardAndGetMenuData
25.09.2018 17:34:08.971:   ===Карта: 36064300196694020
25.09.2018 17:34:09.084:   >>Прочитанные данные:
Карта №36064300196694020
данные о записанном ПБ отсутствуют
данные о записанном ПБ отсутствуют
Единый электронный билет-пополнение 
Ресурс 4953 руб. 0 коп. 
данные о записанном ПБ отсутствуют 
Неактивирован 
Остаток неактивированных билетов 0
25.09.2018 17:34:09.085: **КОНЕЦ**ReadCardAndGetMenuData: OK (0)
25.09.2018 17:34:16.382: **НАЧАЛО**ReadCardAndGetMenuData
25.09.2018 17:34:16.394:   ===Карта: 36064300196694020
25.09.2018 17:34:16.507:   >>Прочитанные данные:
Карта №36064300196694020
данные о записанном ПБ отсутствуют
данные о записанном ПБ отсутствуют
Единый электронный билет-пополнение 
Ресурс 4953 руб. 0 коп. 
данные о записанном ПБ отсутствуют 
Неактивирован 
Остаток неактивированных билетов 0
25.09.2018 17:34:16.508: **КОНЕЦ**ReadCardAndGetMenuData: OK (0)
25.09.2018 17:34:18.727: **НАЧАЛО**CheckAndGetUserDataN
25.09.2018 17:34:18.738:   =========2: Selected: 12;  Flags: 0x00
25.09.2018 17:34:18.769:   =========Price 1: 0
25.09.2018 17:34:18.769:   >>Новые данные:
Карта №36064300196694020
Единый электронный билет-пополнение 
Внесено 0 руб. 0 коп.
Новый ресурс 4953 руб. 0 коп.

25.09.2018 17:34:18.770: **КОНЕЦ**CheckAndGetUserDataN: OK (0)
25.09.2018 17:34:22.302: **НАЧАЛО**CheckAndGetUserDataN
25.09.2018 17:34:22.314:   =========2: Selected: 12;  Flags: 0x00
25.09.2018 17:34:22.335:   =========Price 1: 2000
25.09.2018 17:34:22.335:   >>Новые данные:
Карта №36064300196694020
Единый электронный билет-пополнение 
Внесено 20 руб. 0 коп.
Новый ресурс 4973 руб. 0 коп.

25.09.2018 17:34:22.335: **КОНЕЦ**CheckAndGetUserDataN: OK (0)
25.09.2018 17:34:24.515: **НАЧАЛО**PrepareAndWriteData
25.09.2018 17:34:24.516:   ===Карта: 36064300196694020
25.09.2018 17:34:24.516:   ===WritePrepare (подготовка пакета серверу)
25.09.2018 17:34:24.516:   ===SendRecv (обмен с сервером)
25.09.2018 17:34:24.527:   ===Проверка кассы
25.09.2018 17:34:24.527:   ===Запись карты
25.09.2018 17:34:24.528:   %% Сохранение битмапа карты...
25.09.2018 17:34:24.552:   %% -->OK
25.09.2018 17:34:24.628:   %% Запись секторов. Обычный режим.  4 5; Result=0 (OK)
25.09.2018 17:34:24.628:   %% WriteData->NeedCardRestore=False
25.09.2018 17:34:24.628:   %% WriteData->CardChanged=True
25.09.2018 17:34:24.628:   %% Запись файла "F:\УПП 6.2.5.131\backup\360643001966940200000000001.card"...
25.09.2018 17:34:24.629:   %% -->OK
25.09.2018 17:34:24.629:   ===Проверка денег в кассе 1
25.09.2018 17:34:24.630:   ===Печать чека
25.09.2018 17:34:24.646:   =============Печатаем чек: карта 36064300196694020; сумма: 2000
25.09.2018 17:34:25.647:   Count: 1
25.09.2018 17:34:25.647:   Flags: 0
25.09.2018 17:34:25.647:   0: Цена: 20; Количество: 1; Отдел: 9
25.09.2018 17:34:25.647:   Товар:Единый электронный билет-пополнение
25.09.2018 17:34:25.648:   >>N 36064300196694020
25.09.2018 17:34:25.648:   !!!! Exception !!!! (PrepareAndWriteData): Invalid floating point operation: OK (0)
25.09.2018 17:34:30.598: **НАЧАЛО**ReadCardAndGetMenuData
25.09.2018 17:34:30.611:   ===Карта: 36064300196694020
25.09.2018 17:34:30.611:   %% Требуется восстановление карты №36064300196694020
25.09.2018 17:34:30.611:   %% Загрузка данных для восстановления...
25.09.2018 17:34:30.612:   %% -->Данные для восстановления найдены: F:\УПП 6.2.5.131\backup\360643001966940200000000001.card
25.09.2018 17:34:30.612:   %% Восстановление карты...
25.09.2018 17:34:30.659:   %% -->OK
25.09.2018 17:34:30.659:   %% Удаляем файлы с сохраненными битмапами для карты 36064300196694020...
25.09.2018 17:34:30.659:   %% -->Удаление данных для восстановления: , F:\УПП 6.2.5.131\backup\360643001966940200000000001.card
25.09.2018 17:34:30.659:   ReadCard: Карта восстановлена (1008)
25.09.2018 17:34:30.660: **КОНЕЦ**ReadCardAndGetMenuData: Карта восстановлена (1008)
25.09.2018 17:34:34.197: **НАЧАЛО**ReadCardAndGetMenuData
25.09.2018 17:34:34.210:   ===Карта: 36064300196694020
25.09.2018 17:34:34.324:   >>Прочитанные данные:
Карта №36064300196694020
данные о записанном ПБ отсутствуют
данные о записанном ПБ отсутствуют
Единый электронный билет-пополнение 
Ресурс 4953 руб. 0 коп. 
данные о записанном ПБ отсутствуют 
Неактивирован 
Остаток неактивированных билетов 0
25.09.2018 17:34:34.325: **КОНЕЦ**ReadCardAndGetMenuData: OK (0)
25.09.2018 17:35:00.021: **НАЧАЛО**ReadCardAndGetMenuData
25.09.2018 17:35:00.034:   ===Карта: 36064300196694020
25.09.2018 17:35:00.146:   >>Прочитанные данные:
Карта №36064300196694020
данные о записанном ПБ отсутствуют
данные о записанном ПБ отсутствуют
Единый электронный билет-пополнение 
Ресурс 4953 руб. 0 коп. 
данные о записанном ПБ отсутствуют 
Неактивирован 
Остаток неактивированных билетов 0
25.09.2018 17:35:00.147: **КОНЕЦ**ReadCardAndGetMenuData: OK (0)
25.09.2018 17:35:18.894:   КАССА -> GetStatus = 0
25.09.2018 17:36:22.613: **НАЧАЛО**ReadCardAndGetMenuData
25.09.2018 17:36:22.626:   ===Карта: 36064300196694020
25.09.2018 17:36:22.740:   >>Прочитанные данные:
Карта №36064300196694020
данные о записанном ПБ отсутствуют
данные о записанном ПБ отсутствуют
Единый электронный билет-пополнение 
Ресурс 4953 руб. 0 коп. 
данные о записанном ПБ отсутствуют 
Неактивирован 
Остаток неактивированных билетов 0
25.09.2018 17:36:22.741: **КОНЕЦ**ReadCardAndGetMenuData: OK (0)
25.09.2018 17:36:25.318: **НАЧАЛО**CheckAndGetUserDataN
25.09.2018 17:36:25.330:   =========2: Selected: 12;  Flags: 0x00
25.09.2018 17:36:25.351:   =========Price 1: 0
25.09.2018 17:36:25.351:   >>Новые данные:
Карта №36064300196694020
Единый электронный билет-пополнение 
Внесено 0 руб. 0 коп.
Новый ресурс 4953 руб. 0 коп.

25.09.2018 17:36:25.351: **КОНЕЦ**CheckAndGetUserDataN: OK (0)
25.09.2018 17:36:28.957: **НАЧАЛО**CheckAndGetUserDataN
25.09.2018 17:36:28.969:   =========2: Selected: 12;  Flags: 0x00
25.09.2018 17:36:28.991:   =========Price 1: 2000
25.09.2018 17:36:28.991:   >>Новые данные:
Карта №36064300196694020
Единый электронный билет-пополнение 
Внесено 20 руб. 0 коп.
Новый ресурс 4973 руб. 0 коп.

25.09.2018 17:36:28.991: **КОНЕЦ**CheckAndGetUserDataN: OK (0)
25.09.2018 17:36:32.396: **НАЧАЛО**PrepareAndWriteData
25.09.2018 17:36:32.397:   ===Карта: 36064300196694020
25.09.2018 17:36:32.397:   ===WritePrepare (подготовка пакета серверу)
25.09.2018 17:36:32.397:   ===SendRecv (обмен с сервером)
25.09.2018 17:36:32.408:   ===Проверка кассы
25.09.2018 17:36:32.408:   ===Запись карты
25.09.2018 17:36:32.409:   %% Сохранение битмапа карты...
25.09.2018 17:36:32.434:   %% -->OK
25.09.2018 17:36:32.510:   %% Запись секторов. Обычный режим.  4 5; Result=0 (OK)
25.09.2018 17:36:32.510:   %% WriteData->NeedCardRestore=False
25.09.2018 17:36:32.511:   %% WriteData->CardChanged=True
25.09.2018 17:36:32.511:   %% Запись файла "F:\УПП 6.2.5.131\backup\360643001966940200000000002.card"...
25.09.2018 17:36:32.512:   %% -->OK
25.09.2018 17:36:32.512:   ===Проверка денег в кассе 1
25.09.2018 17:36:32.512:   ===Печать чека
25.09.2018 17:36:32.540:   =============Печатаем чек: карта 36064300196694020; сумма: 2000
25.09.2018 17:36:33.541:   Count: 1
25.09.2018 17:36:33.541:   Flags: 0
25.09.2018 17:36:33.541:   0: Цена: 20; Количество: 1; Отдел: 9
25.09.2018 17:36:33.541:   Товар:Единый электронный билет-пополнение
25.09.2018 17:36:33.542:   >>N 36064300196694020
25.09.2018 17:36:33.605:   !!!! Exception !!!! (PrepareAndWriteData): Access violation at address 052FC84F in module 'kkm_demo.dll'. Read of address 050D7000: OK (0)
25.09.2018 17:36:36.118: **НАЧАЛО**ReadCardAndGetMenuData
25.09.2018 17:36:36.130:   ===Карта: 36064300196694020
25.09.2018 17:36:36.130:   %% Требуется восстановление карты №36064300196694020
25.09.2018 17:36:36.130:   %% Загрузка данных для восстановления...
25.09.2018 17:36:36.131:   %% -->Данные для восстановления найдены: F:\УПП 6.2.5.131\backup\360643001966940200000000002.card
25.09.2018 17:36:36.131:   %% Восстановление карты...
25.09.2018 17:36:36.178:   %% -->OK
25.09.2018 17:36:36.178:   %% Удаляем файлы с сохраненными битмапами для карты 36064300196694020...
25.09.2018 17:36:36.178:   %% -->Удаление данных для восстановления: , F:\УПП 6.2.5.131\backup\360643001966940200000000002.card
25.09.2018 17:36:36.178:   ReadCard: Карта восстановлена (1008)
25.09.2018 17:36:36.179: **КОНЕЦ**ReadCardAndGetMenuData: Карта восстановлена (1008)
25.09.2018 17:37:33.268: **НАЧАЛО**ReadCardAndGetMenuData
25.09.2018 17:37:33.280:   ===Карта: 590936013
25.09.2018 17:37:33.394:   >>Прочитанные данные:
Карта №590936013
данные о записанном ПБ отсутствуют
данные о записанном ПБ отсутствуют
Единый электронный билет-пополнение 
Ресурс 4631 руб. 0 коп. 
данные о записанном ПБ отсутствуют 
Неактивирован 
Остаток неактивированных билетов 0
25.09.2018 17:37:33.395: **КОНЕЦ**ReadCardAndGetMenuData: OK (0)
25.09.2018 17:37:35.645: **НАЧАЛО**CheckAndGetUserDataN
25.09.2018 17:37:35.658:   =========2: Selected: 12;  Flags: 0x00
25.09.2018 17:37:35.679:   =========Price 1: 0
25.09.2018 17:37:35.679:   >>Новые данные:
Карта №590936013
Единый электронный билет-пополнение 
Внесено 0 руб. 0 коп.
Новый ресурс 4631 руб. 0 коп.

25.09.2018 17:37:35.679: **КОНЕЦ**CheckAndGetUserDataN: OK (0)
25.09.2018 17:37:38.278: **НАЧАЛО**CheckAndGetUserDataN
25.09.2018 17:37:38.289:   =========2: Selected: 12;  Flags: 0x00
25.09.2018 17:37:38.311:   =========Price 1: 2000
25.09.2018 17:37:38.311:   >>Новые данные:
Карта №590936013
Единый электронный билет-пополнение 
Внесено 20 руб. 0 коп.
Новый ресурс 4651 руб. 0 коп.

25.09.2018 17:37:38.311: **КОНЕЦ**CheckAndGetUserDataN: OK (0)
25.09.2018 17:37:39.931: **НАЧАЛО**PrepareAndWriteData
25.09.2018 17:37:39.932:   ===Карта: 590936013
25.09.2018 17:37:39.932:   ===WritePrepare (подготовка пакета серверу)
25.09.2018 17:37:39.932:   ===SendRecv (обмен с сервером)
25.09.2018 17:37:39.944:   ===Проверка кассы
25.09.2018 17:37:39.944:   ===Запись карты
25.09.2018 17:37:39.946:   %% Сохранение битмапа карты...
25.09.2018 17:37:39.970:   %% -->OK
25.09.2018 17:37:40.044:   %% Запись секторов. Обычный режим.  4 5; Result=0 (OK)
25.09.2018 17:37:40.044:   %% WriteData->NeedCardRestore=False
25.09.2018 17:37:40.044:   %% WriteData->CardChanged=True
25.09.2018 17:37:40.044:   %% Запись файла "F:\УПП 6.2.5.131\backup\000000005909360130000000003.card"...
25.09.2018 17:37:40.045:   %% -->OK
25.09.2018 17:37:40.045:   ===Проверка денег в кассе 1
25.09.2018 17:37:40.045:   ===Печать чека
25.09.2018 17:37:40.068:   =============Печатаем чек: карта 590936013; сумма: 2000
25.09.2018 17:37:41.068:   Count: 1
25.09.2018 17:37:41.068:   Flags: 0
25.09.2018 17:37:41.068:   0: Цена: 20; Количество: 1; Отдел: 9
25.09.2018 17:37:41.068:   Товар:Единый электронный билет-пополнение
25.09.2018 17:37:41.069:   >>N 590936013
25.09.2018 17:37:41.117:   !!!! Exception !!!! (PrepareAndWriteData): Access violation at address 052FC84F in module 'kkm_demo.dll'. Read of address 050D7010: OK (0)
25.09.2018 17:37:46.196: **НАЧАЛО**ReadCardAndGetMenuData
25.09.2018 17:37:46.209:   ===Карта: 590936013
25.09.2018 17:37:46.209:   %% Требуется восстановление карты №590936013
25.09.2018 17:37:46.209:   %% Загрузка данных для восстановления...
25.09.2018 17:37:46.210:   %% -->Данные для восстановления найдены: F:\УПП 6.2.5.131\backup\000000005909360130000000003.card
25.09.2018 17:37:46.210:   %% Восстановление карты...
25.09.2018 17:37:46.258:   %% -->OK
25.09.2018 17:37:46.258:   %% Удаляем файлы с сохраненными битмапами для карты 590936013...
25.09.2018 17:37:46.258:   %% -->Удаление данных для восстановления: , F:\УПП 6.2.5.131\backup\000000005909360130000000003.card
25.09.2018 17:37:46.258:   ReadCard: Карта восстановлена (1008)
25.09.2018 17:37:46.259: **КОНЕЦ**ReadCardAndGetMenuData: Карта восстановлена (1008)
25.09.2018 17:41:52.642: **НАЧАЛО**ReadCardAndGetMenuData
25.09.2018 17:41:52.655:   ===Карта: 590936013
25.09.2018 17:41:52.770:   >>Прочитанные данные:
Карта №590936013
данные о записанном ПБ отсутствуют
данные о записанном ПБ отсутствуют
Единый электронный билет-пополнение 
Ресурс 4631 руб. 0 коп. 
данные о записанном ПБ отсутствуют 
Неактивирован 
Остаток неактивированных билетов 0
25.09.2018 17:41:52.770: **КОНЕЦ**ReadCardAndGetMenuData: OK (0)
25.09.2018 17:45:07.318: **НАЧАЛО**CheckAndGetUserDataN
25.09.2018 17:45:07.329:   =========2: Selected: 4;  Flags: 0x00
25.09.2018 17:45:07.350:   =========Price 1: 144500
25.09.2018 17:45:07.350:   >>Новые данные:
Карта №590936013
Мес.автобус
годен с 25.09.2018 по 24.10.2018
данные о записанном ПБ отсутствуют 
Неактивирован 
Остаток неактивированных билетов 0
25.09.2018 17:45:07.351: **КОНЕЦ**CheckAndGetUserDataN: OK (0)
25.09.2018 17:45:10.329: **НАЧАЛО**PrepareAndWriteData
25.09.2018 17:45:10.330:   ===Карта: 590936013
25.09.2018 17:45:10.330:   ===WritePrepare (подготовка пакета серверу)
25.09.2018 17:45:10.331:   ===SendRecv (обмен с сервером)
25.09.2018 17:45:10.342:   ===Проверка кассы
25.09.2018 17:45:10.342:   ===Запись карты
25.09.2018 17:45:10.343:   %% Сохранение битмапа карты...
25.09.2018 17:45:10.380:   %% -->OK
25.09.2018 17:45:10.472:   %% Запись секторов. Обычный режим.  10 11 12; Result=0 (OK)
25.09.2018 17:45:10.473:   %% WriteData->NeedCardRestore=False
25.09.2018 17:45:10.473:   %% WriteData->CardChanged=True
25.09.2018 17:45:10.473:   %% Запись файла "F:\УПП 6.2.5.131\backup\000000005909360130000000004.card"...
25.09.2018 17:45:10.474:   %% -->OK
25.09.2018 17:45:10.474:   ===Проверка денег в кассе 1
25.09.2018 17:45:10.475:   ===Печать чека
25.09.2018 17:45:10.514:   =============Печатаем чек: карта 590936013; сумма: 144500
25.09.2018 17:45:11.514:   Count: 1
25.09.2018 17:45:11.514:   Flags: 0
25.09.2018 17:45:11.514:   0: Цена: 1445; Количество: 1; Отдел: 1
25.09.2018 17:45:11.514:   Товар:Мес.автобус
25.09.2018 17:45:11.515:   >>N 590936013
25.09.2018 17:45:11.564:   !!!! Exception !!!! (PrepareAndWriteData): Access violation at address 052FC84F in module 'kkm_demo.dll'. Read of address 050D7000: OK (0)
25.09.2018 17:45:14.131: **НАЧАЛО**ReadCardAndGetMenuData
25.09.2018 17:45:14.144:   ===Карта: 590936013
25.09.2018 17:45:14.144:   %% Требуется восстановление карты №590936013
25.09.2018 17:45:14.144:   %% Загрузка данных для восстановления...
25.09.2018 17:45:14.145:   %% -->Данные для восстановления найдены: F:\УПП 6.2.5.131\backup\000000005909360130000000004.card
25.09.2018 17:45:14.145:   %% Восстановление карты...
25.09.2018 17:45:14.216:   %% -->OK
25.09.2018 17:45:14.217:   %% Удаляем файлы с сохраненными битмапами для карты 590936013...
25.09.2018 17:45:14.217:   %% -->Удаление данных для восстановления: , F:\УПП 6.2.5.131\backup\000000005909360130000000004.card
25.09.2018 17:45:14.217:   ReadCard: Карта восстановлена (1008)
25.09.2018 17:45:14.218: **КОНЕЦ**ReadCardAndGetMenuData: Карта восстановлена (1008)
25.09.2018 17:45:16.755: **НАЧАЛО**ReadCardAndGetMenuData
25.09.2018 17:45:16.768:   ===Карта: 590936013
25.09.2018 17:45:16.882:   >>Прочитанные данные:
Карта №590936013
данные о записанном ПБ отсутствуют
данные о записанном ПБ отсутствуют
Единый электронный билет-пополнение 
Ресурс 4631 руб. 0 коп. 
данные о записанном ПБ отсутствуют 
Неактивирован 
Остаток неактивированных билетов 0
25.09.2018 17:45:16.883: **КОНЕЦ**ReadCardAndGetMenuData: OK (0)
25.09.2018 17:45:21.452: **НАЧАЛО**CheckAndGetUserDataN
25.09.2018 17:45:21.463:   =========2: Selected: 4;  Flags: 0x00
25.09.2018 17:45:21.485:   =========Price 1: 144500
25.09.2018 17:45:21.485:   >>Новые данные:
Карта №590936013
Мес.автобус
годен с 25.09.2018 по 24.10.2018
данные о записанном ПБ отсутствуют 
Неактивирован 
Остаток неактивированных билетов 0
25.09.2018 17:45:21.485: **КОНЕЦ**CheckAndGetUserDataN: OK (0)
25.09.2018 17:45:26.065: **НАЧАЛО**PrepareAndWriteData
25.09.2018 17:45:26.066:   ===Карта: 590936013
25.09.2018 17:45:26.066:   ===WritePrepare (подготовка пакета серверу)
25.09.2018 17:45:26.066:   ===SendRecv (обмен с сервером)
25.09.2018 17:45:26.078:   ===Проверка кассы
25.09.2018 17:45:26.078:   ===Запись карты
25.09.2018 17:45:26.079:   %% Сохранение битмапа карты...
25.09.2018 17:45:26.115:   %% -->OK
25.09.2018 17:45:26.208:   %% Запись секторов. Обычный режим.  10 11 12; Result=0 (OK)
25.09.2018 17:45:26.208:   %% WriteData->NeedCardRestore=False
25.09.2018 17:45:26.208:   %% WriteData->CardChanged=True
25.09.2018 17:45:26.208:   %% Запись файла "F:\УПП 6.2.5.131\backup\000000005909360130000000005.card"...
25.09.2018 17:45:26.209:   %% -->OK
25.09.2018 17:45:26.209:   ===Проверка денег в кассе 1
25.09.2018 17:45:26.210:   ===Печать чека
25.09.2018 17:45:26.246:   =============Печатаем чек: карта 590936013; сумма: 144500
25.09.2018 17:45:27.246:   Count: 1
25.09.2018 17:45:27.246:   Flags: 0
25.09.2018 17:45:27.246:   0: Цена: 1445; Количество: 1; Отдел: 1
25.09.2018 17:45:27.247:   Товар:Мес.автобус
25.09.2018 17:45:27.247:   >>N 590936013
25.09.2018 17:45:27.293:   !!!! Exception !!!! (PrepareAndWriteData): Access violation at address 052FC84F in module 'kkm_demo.dll'. Read of address 050D7010: OK (0)
25.09.2018 17:45:34.883: **НАЧАЛО**ReadCardAndGetMenuData
25.09.2018 17:45:34.896:   ===Карта: 590936013
25.09.2018 17:45:34.896:   %% Требуется восстановление карты №590936013
25.09.2018 17:45:34.896:   %% Загрузка данных для восстановления...
25.09.2018 17:45:34.897:   %% -->Данные для восстановления найдены: F:\УПП 6.2.5.131\backup\000000005909360130000000005.card
25.09.2018 17:45:34.897:   %% Восстановление карты...
25.09.2018 17:45:34.969:   %% -->OK
25.09.2018 17:45:34.969:   %% Удаляем файлы с сохраненными битмапами для карты 590936013...
25.09.2018 17:45:34.969:   %% -->Удаление данных для восстановления: , F:\УПП 6.2.5.131\backup\000000005909360130000000005.card
25.09.2018 17:45:34.970:   ReadCard: Карта восстановлена (1008)
25.09.2018 17:45:34.970: **КОНЕЦ**ReadCardAndGetMenuData: Карта восстановлена (1008)
25.09.2018 17:45:36.843: **НАЧАЛО**ReadCardAndGetMenuData
25.09.2018 17:45:36.855:   ===Карта: 590936013
25.09.2018 17:45:36.969:   >>Прочитанные данные:
Карта №590936013
данные о записанном ПБ отсутствуют
данные о записанном ПБ отсутствуют
Единый электронный билет-пополнение 
Ресурс 4631 руб. 0 коп. 
данные о записанном ПБ отсутствуют 
Неактивирован 
Остаток неактивированных билетов 0
25.09.2018 17:45:36.970: **КОНЕЦ**ReadCardAndGetMenuData: OK (0)
25.09.2018 18:05:03.371: **НАЧАЛО**ReadCardAndGetMenuData
25.09.2018 18:05:03.384:   ===Карта: 955927817
25.09.2018 18:05:03.591:   >>Прочитанные данные:
Карта №955927817
Мес.троллейбус
годен с 14.09.2018 по 13.10.2018
годен с 14.10.2018 по 13.11.2018
данные о записанном ПБ отсутствуют 
Неактивирован 
Остаток неактивированных билетов 0
25.09.2018 18:05:03.591: **КОНЕЦ**ReadCardAndGetMenuData: OK (0)
25.09.2018 18:05:10.290: **НАЧАЛО**ReadCardAndGetMenuData
25.09.2018 18:05:10.303:   ===Карта: 955927817
25.09.2018 18:05:10.510:   >>Прочитанные данные:
Карта №955927817
Мес.троллейбус
годен с 14.09.2018 по 13.10.2018
годен с 14.10.2018 по 13.11.2018
данные о записанном ПБ отсутствуют 
Неактивирован 
Остаток неактивированных билетов 0
25.09.2018 18:05:10.510: **КОНЕЦ**ReadCardAndGetMenuData: OK (0)
25.09.2018 18:05:42.297: **НАЧАЛО**ReadCardAndGetMenuData
25.09.2018 18:05:42.310:   ===Карта: 36093889837139460
25.09.2018 18:05:42.443:   >>Прочитанные данные:
Карта №36093889837139460
данные о записанном ПБ отсутствуют
данные о записанном ПБ отсутствуют
истек срок действия
Единый электронный билет-пополнение 
Ресурс 0 руб. 0 коп. 
На сутки 
Неактивирован 
Остаток неактивированных билетов 0
25.09.2018 18:05:42.443: **КОНЕЦ**ReadCardAndGetMenuData: OK (0)
25.09.2018 18:05:48.754: **НАЧАЛО**ReadCardAndGetMenuData
25.09.2018 18:05:48.766:   ===Карта: 36093889837139460
25.09.2018 18:05:48.900:   >>Прочитанные данные:
Карта №36093889837139460
данные о записанном ПБ отсутствуют
данные о записанном ПБ отсутствуют
истек срок действия
Единый электронный билет-пополнение 
Ресурс 0 руб. 0 коп. 
На сутки 
Неактивирован 
Остаток неактивированных билетов 0
25.09.2018 18:05:48.900: **КОНЕЦ**ReadCardAndGetMenuData: OK (0)
25.09.2018 18:05:51.410: **НАЧАЛО**CheckAndGetUserDataN
25.09.2018 18:05:51.421:   =========2: Selected: 13;  Flags: 0x08
25.09.2018 18:05:51.442:   =========Price 1: 18000
25.09.2018 18:05:51.442:   >>Новые данные:
Карта №36093889837139460
На сутки 
Пополнен на 1 билет
Новый ресурс 1 билет

25.09.2018 18:05:51.442: **КОНЕЦ**CheckAndGetUserDataN: OK (0)
25.09.2018 18:05:52.407: **НАЧАЛО**PrepareAndWriteData
25.09.2018 18:05:52.408:   ===Карта: 36093889837139460
25.09.2018 18:05:52.408:   ===WritePrepare (подготовка пакета серверу)
25.09.2018 18:05:52.408:   ===SendRecv (обмен с сервером)
25.09.2018 18:05:52.420:   ===Проверка кассы
25.09.2018 18:05:52.420:   ===Запись карты
25.09.2018 18:05:52.421:   %% Сохранение битмапа карты...
25.09.2018 18:05:52.445:   %% -->OK
25.09.2018 18:05:52.521:   %% Запись секторов. Обычный режим.  4 5; Result=0 (OK)
25.09.2018 18:05:52.521:   %% WriteData->NeedCardRestore=False
25.09.2018 18:05:52.522:   %% WriteData->CardChanged=True
25.09.2018 18:05:52.522:   %% Запись файла "F:\УПП 6.2.5.131\backup\360938898371394600000000006.card"...
25.09.2018 18:05:52.523:   %% -->OK
25.09.2018 18:05:52.523:   ===Проверка денег в кассе 1
25.09.2018 18:05:52.523:   ===Печать чека
25.09.2018 18:05:52.525:   =============Печатаем чек: карта 36093889837139460; сумма: 18000
25.09.2018 18:05:53.525:   Count: 1
25.09.2018 18:05:53.525:   Flags: 0
25.09.2018 18:05:53.525:   0: Цена: 180; Количество: 1; Отдел: 14
25.09.2018 18:05:53.525:   Товар:На сутки
25.09.2018 18:05:53.526:   >>N 36093889837139460
25.09.2018 18:05:53.584:   !!!! Exception !!!! (PrepareAndWriteData): Access violation at address 052FC84F in module 'kkm_demo.dll'. Read of address 050D7008: OK (0)
25.09.2018 18:05:55.091: **НАЧАЛО**ReadCardAndGetMenuData
25.09.2018 18:05:55.103:   ===Карта: 36093889837139460
25.09.2018 18:05:55.103:   %% Требуется восстановление карты №36093889837139460
25.09.2018 18:05:55.103:   %% Загрузка данных для восстановления...
25.09.2018 18:05:55.104:   %% -->Данные для восстановления найдены: F:\УПП 6.2.5.131\backup\360938898371394600000000006.card
25.09.2018 18:05:55.104:   %% Восстановление карты...
25.09.2018 18:05:55.151:   %% -->OK
25.09.2018 18:05:55.152:   %% Удаляем файлы с сохраненными битмапами для карты 36093889837139460...
25.09.2018 18:05:55.152:   %% -->Удаление данных для восстановления: , F:\УПП 6.2.5.131\backup\360938898371394600000000006.card
25.09.2018 18:05:55.152:   ReadCard: Карта восстановлена (1008)
25.09.2018 18:05:55.153: **КОНЕЦ**ReadCardAndGetMenuData: Карта восстановлена (1008)
25.09.2018 18:06:00.042: **НАЧАЛО**ReadCardAndGetMenuData
25.09.2018 18:06:00.055:   ===Карта: 36093889837139460
25.09.2018 18:06:00.179:   >>Прочитанные данные:
Карта №36093889837139460
данные о записанном ПБ отсутствуют
данные о записанном ПБ отсутствуют
истек срок действия
Единый электронный билет-пополнение 
Ресурс 0 руб. 0 коп. 
На сутки 
Неактивирован 
Остаток неактивированных билетов 0
25.09.2018 18:06:00.179: **КОНЕЦ**ReadCardAndGetMenuData: OK (0)
