01.10.2018 8:23:03.210: **НАЧАЛО**ReadCardAndGetMenuData
01.10.2018 8:24:31.443: ..........Версия: 6.3.4.............
01.10.2018 8:24:31.589: Кассовый аппарат найден
01.10.2018 8:24:32.256: BSKLIB Ver: 5.6.3; File: F:\УПП 6.2.5.131\Erlib.dll
01.10.2018 8:24:33.029: PointID: 1170052609694336
01.10.2018 8:24:34.789: Ридер найден
01.10.2018 8:24:34.942:   КАССА -> GetStatus = 0
01.10.2018 8:24:46.729: Тех-карта тип 120
01.10.2018 8:24:46.729: Тех-карта тип 120 обмен ...
01.10.2018 8:24:46.773: *****проверена карта рабочего места: 36066744031200516; номер рабочего места: 66
01.10.2018 8:24:46.797: Тех-карта результат от сервера : Аутентификация проведена успешно, но требуется проверка карты кассира (125)
01.10.2018 8:25:11.630: Тех-карта тип 121
01.10.2018 8:25:11.630: Тех-карта тип 121 обмен ...
01.10.2018 8:25:11.695: *****проверена карта кассира: 36081385846891780; номер кассира: 218
01.10.2018 8:25:11.900:   КАССА -> GetStatus = 0
01.10.2018 12:22:56.315: **НАЧАЛО**ReadCardAndGetMenuData
01.10.2018 12:22:56.327:   ===Карта: 36132822104870404
01.10.2018 12:23:06.421: **КОНЕЦ**ReadCardAndGetMenuData: Превышено время ожидания ответного пакета (2:14)
01.10.2018 12:23:46.832: **НАЧАЛО**ReadCardAndGetMenuData
01.10.2018 12:23:46.843:   ReadCard: Отсутствует или нельзя прочесть ЭБ (1)
01.10.2018 12:23:46.843: **КОНЕЦ**ReadCardAndGetMenuData: Отсутствует или нельзя прочесть ЭБ (1)
01.10.2018 12:23:50.015: **НАЧАЛО**ReadCardAndGetMenuData
01.10.2018 12:23:50.028:   ===Карта: 36132822104870404
01.10.2018 12:23:51.375:   >>Прочитанные данные:
Карта №36132822104870404
данные о записанном ПБ отсутствуют
данные о записанном ПБ отсутствуют
Единый электронный билет-пополнение 
Ресурс 0 руб. 0 коп. 
данные о записанном ПБ отсутствуют 
Неактивирован 
Остаток неактивированных билетов 0
01.10.2018 12:23:51.375: **КОНЕЦ**ReadCardAndGetMenuData: OK (0)
01.10.2018 12:23:56.408: **НАЧАЛО**CheckAndGetUserDataN
01.10.2018 12:23:56.425:   =========2: Selected: 18;  Flags: 0x08
01.10.2018 12:23:56.466:   =========Price 1: 12500
01.10.2018 12:23:56.466:   >>Новые данные:
Карта №36132822104870404
90 минут 
Пополнен на 1 билет
Новый ресурс 1 билет 

01.10.2018 12:23:56.466: **КОНЕЦ**CheckAndGetUserDataN: OK (0)
01.10.2018 12:31:02.179: **НАЧАЛО**PrepareAndWriteData
01.10.2018 12:31:02.180:   ===Карта: 36132822104870404
01.10.2018 12:31:02.180:   ===WritePrepare (подготовка пакета серверу)
01.10.2018 12:31:02.180:   ===SendRecv (обмен с сервером)
01.10.2018 12:31:02.201:   ===Проверка кассы
01.10.2018 12:31:07.218:   =====Ошибка кассы 1: -2 = CommunicationError
01.10.2018 12:31:07.218:   ===Закрытие сессии (подготовка пакета серверу): Неуспешно
01.10.2018 12:31:07.218:   ===SendRecv (обмен с сервером)
01.10.2018 12:31:07.240:   %% Удаляем файлы с сохраненными битмапами для карты 36132822104870404...
01.10.2018 12:31:07.240:   %% -->Не найдено файлов для удаления
01.10.2018 12:31:07.240: **КОНЕЦ**PrepareAndWriteData: Неизвестная ошибка (2:-2)
01.10.2018 12:31:09.564: **НАЧАЛО**ReadCardAndGetMenuData
01.10.2018 12:31:09.577:   ===Карта: 36132822104870404
01.10.2018 12:31:10.744:   >>Прочитанные данные:
Карта №36132822104870404
данные о записанном ПБ отсутствуют
данные о записанном ПБ отсутствуют
Единый электронный билет-пополнение 
Ресурс 0 руб. 0 коп. 
данные о записанном ПБ отсутствуют 
Неактивирован 
Остаток неактивированных билетов 0
01.10.2018 12:31:10.745: **КОНЕЦ**ReadCardAndGetMenuData: OK (0)
01.10.2018 12:31:22.028: **НАЧАЛО**CheckAndGetUserDataN
01.10.2018 12:31:22.039:   =========2: Selected: 18;  Flags: 0x08
01.10.2018 12:31:22.060:   =========Price 1: 12500
01.10.2018 12:31:22.060:   >>Новые данные:
Карта №36132822104870404
90 минут 
Пополнен на 1 билет
Новый ресурс 1 билет 

01.10.2018 12:31:22.061: **КОНЕЦ**CheckAndGetUserDataN: OK (0)
01.10.2018 12:31:33.081: **НАЧАЛО**PrepareAndWriteData
01.10.2018 12:31:33.082:   %% Удаляем файлы с сохраненными битмапами для карты 0...
01.10.2018 12:31:33.082:   %% -->Не найдено файлов для удаления
01.10.2018 12:31:33.082: **КОНЕЦ**PrepareAndWriteData: Отсутствует или нельзя прочесть ЭБ (1)
01.10.2018 12:31:35.660: **НАЧАЛО**ReadCardAndGetMenuData
01.10.2018 12:31:35.685:   ===Карта: 36132822104870404
01.10.2018 12:31:36.780:   >>Прочитанные данные:
Карта №36132822104870404
данные о записанном ПБ отсутствуют
данные о записанном ПБ отсутствуют
Единый электронный билет-пополнение 
Ресурс 0 руб. 0 коп. 
данные о записанном ПБ отсутствуют 
Неактивирован 
Остаток неактивированных билетов 0
01.10.2018 12:31:36.780: **КОНЕЦ**ReadCardAndGetMenuData: OK (0)
01.10.2018 12:31:39.844: **НАЧАЛО**CheckAndGetUserDataN
01.10.2018 12:31:39.855:   =========2: Selected: 18;  Flags: 0x08
01.10.2018 12:31:39.877:   =========Price 1: 12500
01.10.2018 12:31:39.877:   >>Новые данные:
Карта №36132822104870404
90 минут 
Пополнен на 1 билет
Новый ресурс 1 билет 

01.10.2018 12:31:39.877: **КОНЕЦ**CheckAndGetUserDataN: OK (0)
01.10.2018 12:31:41.785: **НАЧАЛО**PrepareAndWriteData
01.10.2018 12:31:41.786:   %% Удаляем файлы с сохраненными битмапами для карты 0...
01.10.2018 12:31:41.786:   %% -->Не найдено файлов для удаления
01.10.2018 12:31:41.786: **КОНЕЦ**PrepareAndWriteData: Отсутствует или нельзя прочесть ЭБ (1)
01.10.2018 13:07:06.985: ..........Версия: 6.3.4.............
01.10.2018 13:07:07.119: Кассовый аппарат найден
01.10.2018 13:07:07.807: BSKLIB Ver: 5.6.3; File: F:\УПП 6.2.5.131\Erlib.dll
01.10.2018 13:07:08.592: PointID: 1170052609694336
01.10.2018 13:07:10.262: Ридер найден
01.10.2018 13:07:10.535:   КАССА -> GetStatus = 0
01.10.2018 13:07:22.386: Тех-карта тип 120
01.10.2018 13:07:22.386: Тех-карта тип 120 обмен ...
01.10.2018 13:07:22.419: *****проверена карта рабочего места: 36066744031200516; номер рабочего места: 66
01.10.2018 13:07:22.439: Тех-карта результат от сервера : Аутентификация проведена успешно, но требуется проверка карты кассира (125)
01.10.2018 13:07:23.803: Тех-карта тип 121
01.10.2018 13:07:23.803: Тех-карта тип 121 обмен ...
01.10.2018 13:07:23.867: *****проверена карта кассира: 36081385846891780; номер кассира: 218
01.10.2018 13:07:24.169:   КАССА -> GetStatus = 0
01.10.2018 13:07:28.999: **НАЧАЛО**ReadCardAndGetMenuData
01.10.2018 13:07:29.010:   ReadCard: Отсутствует или нельзя прочесть ЭБ (1)
01.10.2018 13:07:29.010: **КОНЕЦ**ReadCardAndGetMenuData: Отсутствует или нельзя прочесть ЭБ (1)
01.10.2018 13:07:31.645: **НАЧАЛО**ReadCardAndGetMenuData
01.10.2018 13:07:31.656:   ===Карта: 36132822105723396
01.10.2018 13:07:32.046:   GetMenuData: Карта не годна! - ЧЁРНЫЙ СПИСОК! (23)
01.10.2018 13:07:32.046: **КОНЕЦ**ReadCardAndGetMenuData: Карта не годна! - ЧЁРНЫЙ СПИСОК! (23)
01.10.2018 13:07:35.781: **НАЧАЛО**ReadCardAndGetMenuData
01.10.2018 13:07:35.792:   ===Карта: 36132822104870404
01.10.2018 13:07:37.081:   >>Прочитанные данные:
Карта №36132822104870404
данные о записанном ПБ отсутствуют
данные о записанном ПБ отсутствуют
Единый электронный билет-пополнение 
Ресурс 0 руб. 0 коп. 
данные о записанном ПБ отсутствуют 
Неактивирован 
Остаток неактивированных билетов 0
01.10.2018 13:07:37.081: **КОНЕЦ**ReadCardAndGetMenuData: OK (0)
01.10.2018 13:08:24.245: **НАЧАЛО**ReadCardAndGetMenuData
01.10.2018 13:08:24.256:   ReadCard: Отсутствует или нельзя прочесть ЭБ (1)
01.10.2018 13:08:24.256: **КОНЕЦ**ReadCardAndGetMenuData: Отсутствует или нельзя прочесть ЭБ (1)
01.10.2018 13:08:26.494: **НАЧАЛО**ReadCardAndGetMenuData
01.10.2018 13:08:26.505:   ===Карта: 36132822105723396
01.10.2018 13:08:27.604:   GetMenuData: Карта в черном списке метрополитена (33)
01.10.2018 13:08:27.604: **КОНЕЦ**ReadCardAndGetMenuData: Карта в черном списке метрополитена (33)
01.10.2018 13:08:40.540: **НАЧАЛО**ReadCardAndGetMenuData
01.10.2018 13:08:40.551:   ===Карта: 36132822104870404
01.10.2018 13:08:41.630:   >>Прочитанные данные:
Карта №36132822104870404
данные о записанном ПБ отсутствуют
данные о записанном ПБ отсутствуют
Единый электронный билет-пополнение 
Ресурс 0 руб. 0 коп. 
данные о записанном ПБ отсутствуют 
Неактивирован 
Остаток неактивированных билетов 0
01.10.2018 13:08:41.630: **КОНЕЦ**ReadCardAndGetMenuData: OK (0)
01.10.2018 13:08:46.981: **НАЧАЛО**ReadCardAndGetMenuData
01.10.2018 13:08:46.993:   ===Карта: 36132822102390276
01.10.2018 13:08:47.832:   GetMenuData: Карта в черном списке метрополитена (33)
01.10.2018 13:08:47.832: **КОНЕЦ**ReadCardAndGetMenuData: Карта в черном списке метрополитена (33)
01.10.2018 13:08:54.636: **НАЧАЛО**ReadCardAndGetMenuData
01.10.2018 13:08:54.648:   ===Карта: 36132671512726020
01.10.2018 13:08:55.767:   >>Прочитанные данные:
Карта №36132671512726020
данные о записанном ПБ отсутствуют
данные о записанном ПБ отсутствуют
Единый электронный билет-пополнение 
Ресурс 0 руб. 0 коп. 
данные о записанном ПБ отсутствуют 
Неактивирован 
Остаток неактивированных билетов 0
01.10.2018 13:08:55.767: **КОНЕЦ**ReadCardAndGetMenuData: OK (0)
01.10.2018 13:09:01.717: **НАЧАЛО**ReadCardAndGetMenuData
01.10.2018 13:09:01.729:   ===Карта: 36132822106385668
01.10.2018 13:09:02.618:   GetMenuData: Карта в черном списке метрополитена (33)
01.10.2018 13:09:02.618: **КОНЕЦ**ReadCardAndGetMenuData: Карта в черном списке метрополитена (33)
01.10.2018 13:09:08.236: **НАЧАЛО**ReadCardAndGetMenuData
01.10.2018 13:09:08.248:   ===Карта: 36132822103437572
01.10.2018 13:09:09.375:   >>Прочитанные данные:
Карта №36132822103437572
данные о записанном ПБ отсутствуют
данные о записанном ПБ отсутствуют
Единый электронный билет-пополнение 
Ресурс 0 руб. 0 коп. 
данные о записанном ПБ отсутствуют 
Неактивирован 
Остаток неактивированных билетов 0
01.10.2018 13:09:09.375: **КОНЕЦ**ReadCardAndGetMenuData: OK (0)
01.10.2018 13:09:13.676: **НАЧАЛО**ReadCardAndGetMenuData
01.10.2018 13:09:13.687:   ===Карта: 36132822105655300
01.10.2018 13:09:14.796:   >>Прочитанные данные:
Карта №36132822105655300
данные о записанном ПБ отсутствуют
данные о записанном ПБ отсутствуют
Единый электронный билет-пополнение 
Ресурс 0 руб. 0 коп. 
данные о записанном ПБ отсутствуют 
Неактивирован 
Остаток неактивированных билетов 0
01.10.2018 13:09:14.796: **КОНЕЦ**ReadCardAndGetMenuData: OK (0)
01.10.2018 13:09:18.829: **НАЧАЛО**ReadCardAndGetMenuData
01.10.2018 13:09:18.840:   ===Карта: 36132822102837252
01.10.2018 13:09:20.009:   GetMenuData: Карта в черном списке метрополитена (33)
01.10.2018 13:09:20.009: **КОНЕЦ**ReadCardAndGetMenuData: Карта в черном списке метрополитена (33)
01.10.2018 13:09:24.501: **НАЧАЛО**ReadCardAndGetMenuData
01.10.2018 13:09:24.512:   ===Карта: 36132822104355332
01.10.2018 13:09:25.612:   GetMenuData: Карта в черном списке метрополитена (33)
01.10.2018 13:09:25.612: **КОНЕЦ**ReadCardAndGetMenuData: Карта в черном списке метрополитена (33)
01.10.2018 13:09:29.916: **НАЧАЛО**ReadCardAndGetMenuData
01.10.2018 13:09:29.927:   ===Карта: 36132822106642948
01.10.2018 13:09:31.006:   GetMenuData: Карта в черном списке метрополитена (33)
01.10.2018 13:09:31.006: **КОНЕЦ**ReadCardAndGetMenuData: Карта в черном списке метрополитена (33)
01.10.2018 13:09:45.612: **НАЧАЛО**ReadCardAndGetMenuData
01.10.2018 13:09:45.624:   ===Карта: 36132822104870404
01.10.2018 13:09:46.723:   >>Прочитанные данные:
Карта №36132822104870404
данные о записанном ПБ отсутствуют
данные о записанном ПБ отсутствуют
Единый электронный билет-пополнение 
Ресурс 0 руб. 0 коп. 
данные о записанном ПБ отсутствуют 
Неактивирован 
Остаток неактивированных билетов 0
01.10.2018 13:09:46.723: **КОНЕЦ**ReadCardAndGetMenuData: OK (0)
01.10.2018 14:22:55.178: ..........Версия: 6.3.4.............
01.10.2018 14:23:15.315: Кассовый аппарат найден
01.10.2018 14:23:15.993: BSKLIB Ver: 5.6.3; File: F:\УПП 6.2.5.131\Erlib.dll
01.10.2018 14:23:16.780: PointID: 1170052609694336
01.10.2018 14:23:18.453: Ридер найден
01.10.2018 14:23:18.454:   КАССА -> GetStatus = 0
01.10.2018 14:24:03.664: Тех-карта тип 122
01.10.2018 14:24:05.985: *****проверена ключевая карта: 36066744036694788
01.10.2018 14:24:10.215: Тех-карта тип 121
01.10.2018 14:24:10.215: Тех-карта тип 121 обмен ...
01.10.2018 14:24:10.269: *****проверена карта кассира: 36081385846891780; номер кассира: 218
01.10.2018 14:24:10.290: Тех-карта результат от сервера : Аутентификация проведена успешно, но требуется проверка карты рабочего места (126)
01.10.2018 14:24:11.856: Тех-карта тип 120
01.10.2018 14:24:11.856: Тех-карта тип 120 обмен ...
01.10.2018 14:24:11.921: *****проверена карта рабочего места: 36066744031200516; номер рабочего места: 66
01.10.2018 14:24:11.953:   КАССА -> GetStatus = 0
01.10.2018 14:30:15.823: ..........Версия: 6.3.4.............
01.10.2018 14:30:35.958: Кассовый аппарат найден
01.10.2018 14:30:36.628: BSKLIB Ver: 5.6.3; File: F:\УПП 6.2.5.131\Erlib.dll
01.10.2018 14:30:37.415: PointID: 1170052609694336
01.10.2018 14:30:39.088: Ридер найден
01.10.2018 14:30:39.089:   КАССА -> GetStatus = 0
01.10.2018 15:30:23.079: ..........Версия: 6.3.4.............
01.10.2018 15:30:43.217: Кассовый аппарат найден
01.10.2018 15:30:43.921: BSKLIB Ver: 5.6.3; File: F:\УПП 6.2.5.131\Erlib.dll
01.10.2018 15:30:44.034: Ридер найден
01.10.2018 15:30:44.035:   КАССА -> GetStatus = 0
01.10.2018 15:31:04.195: ..........Версия: 6.3.4.............
01.10.2018 15:31:24.331: Кассовый аппарат найден
01.10.2018 15:31:25.021: BSKLIB Ver: 5.6.3; File: F:\УПП 6.2.5.131\Erlib.dll
01.10.2018 15:31:25.748: PointID: 1170052609694336
01.10.2018 15:31:27.403: Ридер найден
01.10.2018 15:31:27.404:   КАССА -> GetStatus = 0
01.10.2018 15:31:31.124: Тех-карта тип 120
01.10.2018 15:31:31.124: Тех-карта тип 120 обмен ...
01.10.2018 15:31:31.158: *****проверена карта рабочего места: 36066744031200516; номер рабочего места: 66
01.10.2018 15:31:31.179: Тех-карта результат от сервера : Аутентификация проведена успешно, но требуется проверка карты кассира (125)
01.10.2018 15:31:32.433: Тех-карта тип 121
01.10.2018 15:31:32.433: Тех-карта тип 121 обмен ...
01.10.2018 15:31:32.488: *****проверена карта кассира: 36081385846891780; номер кассира: 218
01.10.2018 15:31:32.521:   КАССА -> GetStatus = 0
01.10.2018 15:31:45.421: **НАЧАЛО**ReadCardAndGetMenuData
01.10.2018 15:31:45.433:   ===Карта: 36132671512726020
01.10.2018 15:31:55.523: **КОНЕЦ**ReadCardAndGetMenuData: Превышено время ожидания ответного пакета (2:14)
01.10.2018 15:32:51.905: **НАЧАЛО**ReadCardAndGetMenuData
01.10.2018 15:32:51.917:   ===Карта: 36132671512726020
01.10.2018 15:32:53.107:   >>Прочитанные данные:
Карта №36132671512726020
Мес.автобус
годен с 01.10.2018 по 31.10.2018
годен с 01.11.2018 по 30.11.2018
данные о записанном ПБ отсутствуют
Единый электронный билет-пополнение 
Ресурс 0 руб. 0 коп. 
данные о записанном ПБ отсутствуют 
Неактивирован 
Остаток неактивированных билетов 0
01.10.2018 15:32:53.107: **КОНЕЦ**ReadCardAndGetMenuData: OK (0)
01.10.2018 15:33:28.767: **НАЧАЛО**ReadCardAndGetMenuData
01.10.2018 15:33:28.778:   ===Карта: 36132822105655300
01.10.2018 15:33:29.918:   >>Прочитанные данные:
Карта №36132822105655300
данные о записанном ПБ отсутствуют
данные о записанном ПБ отсутствуют
Единый электронный билет-пополнение 
Ресурс 0 руб. 0 коп. 
данные о записанном ПБ отсутствуют 
Неактивирован 
Остаток неактивированных билетов 0
01.10.2018 15:33:29.918: **КОНЕЦ**ReadCardAndGetMenuData: OK (0)
01.10.2018 15:33:33.428: **НАЧАЛО**CheckAndGetUserDataN
01.10.2018 15:33:33.439:   =========2: Selected: 8;  Flags: 0x00
01.10.2018 15:33:33.460:   =========Price 1: 506000
01.10.2018 15:33:33.460:   >>Новые данные:
Карта №36132822105655300
Мес.трам.-трол.-авт
годен с 01.10.2018 по 31.10.2018
данные о записанном ПБ отсутствуют 
Неактивирован 
Остаток неактивированных билетов 0
01.10.2018 15:33:33.460: **КОНЕЦ**CheckAndGetUserDataN: OK (0)
01.10.2018 15:33:35.099: **НАЧАЛО**PrepareAndWriteData
01.10.2018 15:33:35.116:   ===Карта: 36132822105655300
01.10.2018 15:33:35.116:   ===WritePrepare (подготовка пакета серверу)
01.10.2018 15:33:35.135:   ===SendRecv (обмен с сервером)
01.10.2018 15:33:35.146:   ===Проверка кассы
01.10.2018 15:33:35.146:   ===Запись карты
01.10.2018 15:33:35.147:   %% Сохранение битмапа карты...
01.10.2018 15:33:35.185:   %% -->OK
01.10.2018 15:33:35.269:   %% Запись секторов. Обычный режим.  10 11 12; Result=0 (OK)
01.10.2018 15:33:35.269:   %% WriteData->NeedCardRestore=False
01.10.2018 15:33:35.269:   %% WriteData->CardChanged=True
01.10.2018 15:33:35.269:   %% Запись файла "F:\УПП 6.2.5.131\backup\361328221056553000000000001.card"...
01.10.2018 15:33:35.270:   %% -->OK
01.10.2018 15:33:35.270:   ===Проверка денег в кассе 1
01.10.2018 15:33:35.270:   ===Печать чека
01.10.2018 15:33:35.273:   =============Печатаем чек: карта 36132822105655300; сумма: 506000
01.10.2018 15:33:36.274:   Count: 2
01.10.2018 15:33:36.274:   Flags: 0
01.10.2018 15:33:36.274:   0: Цена: 5000; Количество: 1; Отдел: 7
01.10.2018 15:33:36.274:   Товар:Мес.трам.-трол.-авт
01.10.2018 15:33:36.274:   >>N 36132822105655300
01.10.2018 15:33:36.274:   1: Цена: 60; Количество: 1; Отдел: 10
01.10.2018 15:33:36.274:   Товар:
01.10.2018 15:33:36.274:   >>Стоимость электронного носителя
(гарантия - 1 год)
N 36132822105655300
01.10.2018 15:33:36.275:   !!!! Exception !!!! (PrepareAndWriteData): Invalid floating point operation: OK (0)
01.10.2018 15:33:38.096: **НАЧАЛО**ReadCardAndGetMenuData
01.10.2018 15:33:38.108:   ===Карта: 36132822105655300
01.10.2018 15:33:38.109:   %% Требуется восстановление карты №36132822105655300
01.10.2018 15:33:38.109:   %% Загрузка данных для восстановления...
01.10.2018 15:33:38.109:   %% -->Данные для восстановления найдены: F:\УПП 6.2.5.131\backup\361328221056553000000000001.card
01.10.2018 15:33:38.109:   %% Восстановление карты...
01.10.2018 15:33:38.170:   %% -->OK
01.10.2018 15:33:38.170:   %% Удаляем файлы с сохраненными битмапами для карты 36132822105655300...
01.10.2018 15:33:38.170:   %% -->Удаление данных для восстановления: , F:\УПП 6.2.5.131\backup\361328221056553000000000001.card
01.10.2018 15:33:38.170:   ReadCard: Карта восстановлена (1008)
01.10.2018 15:33:38.170: **КОНЕЦ**ReadCardAndGetMenuData: Карта восстановлена (1008)
01.10.2018 15:34:51.436: ..........Версия: 6.3.4.............
01.10.2018 15:35:11.580: Кассовый аппарат найден
01.10.2018 15:35:12.279: BSKLIB Ver: 5.6.3; File: F:\УПП 6.2.5.131\Erlib.dll
01.10.2018 15:35:13.049: PointID: 1170052609694336
01.10.2018 15:35:14.700: Ридер найден
01.10.2018 15:35:14.701:   КАССА -> GetStatus = 0
01.10.2018 15:35:16.236: Тех-карта тип 1
01.10.2018 15:35:19.295: Тех-карта тип 120
01.10.2018 15:35:19.295: Тех-карта тип 120 обмен ...
01.10.2018 15:35:19.329: *****проверена карта рабочего места: 36066744031200516; номер рабочего места: 66
01.10.2018 15:35:19.350: Тех-карта результат от сервера : Аутентификация проведена успешно, но требуется проверка карты кассира (125)
01.10.2018 15:35:20.606: Тех-карта тип 121
01.10.2018 15:35:20.606: Тех-карта тип 121 обмен ...
01.10.2018 15:35:20.660: *****проверена карта кассира: 36081385846891780; номер кассира: 218
01.10.2018 15:35:20.692:   КАССА -> GetStatus = 0
01.10.2018 15:35:25.337: **НАЧАЛО**ReadCardAndGetMenuData
01.10.2018 15:35:25.348:   ===Карта: 36132822105655300
01.10.2018 15:35:26.448:   >>Прочитанные данные:
Карта №36132822105655300
данные о записанном ПБ отсутствуют
данные о записанном ПБ отсутствуют
Единый электронный билет-пополнение 
Ресурс 0 руб. 0 коп. 
данные о записанном ПБ отсутствуют 
Неактивирован 
Остаток неактивированных билетов 0
01.10.2018 15:35:26.448: **КОНЕЦ**ReadCardAndGetMenuData: OK (0)
01.10.2018 15:35:28.506: **НАЧАЛО**CheckAndGetUserDataN
01.10.2018 15:35:28.517:   =========2: Selected: 8;  Flags: 0x00
01.10.2018 15:35:28.528:   =========Price 1: 506000
01.10.2018 15:35:28.528:   >>Новые данные:
Карта №36132822105655300
Мес.трам.-трол.-авт
годен с 01.10.2018 по 31.10.2018
данные о записанном ПБ отсутствуют 
Неактивирован 
Остаток неактивированных билетов 0
01.10.2018 15:35:28.528: **КОНЕЦ**CheckAndGetUserDataN: OK (0)
01.10.2018 15:35:31.356: **НАЧАЛО**PrepareAndWriteData
01.10.2018 15:35:31.356:   ===Карта: 36132822105655300
01.10.2018 15:35:31.357:   ===WritePrepare (подготовка пакета серверу)
01.10.2018 15:35:31.357:   ===SendRecv (обмен с сервером)
01.10.2018 15:35:31.369:   ===Проверка кассы
01.10.2018 15:35:31.369:   ===Запись карты
01.10.2018 15:35:31.370:   %% Сохранение битмапа карты...
01.10.2018 15:35:31.408:   %% -->OK
01.10.2018 15:35:31.491:   %% Запись секторов. Обычный режим.  10 11 12; Result=0 (OK)
01.10.2018 15:35:31.491:   %% WriteData->NeedCardRestore=False
01.10.2018 15:35:31.491:   %% WriteData->CardChanged=True
01.10.2018 15:35:31.491:   %% Запись файла "F:\УПП 6.2.5.131\backup\361328221056553000000000001.card"...
01.10.2018 15:35:31.491:   %% -->OK
01.10.2018 15:35:31.492:   ===Проверка денег в кассе 1
01.10.2018 15:35:31.492:   ===Печать чека
01.10.2018 15:35:31.516:   =============Печатаем чек: карта 36132822105655300; сумма: 506000
01.10.2018 15:35:32.517:   Count: 2
01.10.2018 15:35:32.517:   Flags: 0
01.10.2018 15:35:32.517:   0: Цена: 5000; Количество: 1; Отдел: 7
01.10.2018 15:35:32.517:   Товар:Мес.трам.-трол.-авт
01.10.2018 15:35:32.517:   >>N 36132822105655300
01.10.2018 15:35:32.517:   1: Цена: 60; Количество: 1; Отдел: 10
01.10.2018 15:35:32.517:   Товар:
01.10.2018 15:35:32.517:   >>Стоимость электронного носителя
(гарантия - 1 год)
N 36132822105655300
01.10.2018 15:35:32.586:   =============result:  0
01.10.2018 15:35:32.586:   ===Проверка денег в кассе 2
01.10.2018 15:35:32.586:   =====Печать завершена успешно
01.10.2018 15:35:32.586:   ===Закрытие сессии (подготовка пакета серверу): Успешно
01.10.2018 15:35:32.586:   ===SendRecv (обмен с сервером)
01.10.2018 15:35:32.648:   %% Удаляем файлы с сохраненными битмапами для карты 36132822105655300...
01.10.2018 15:35:32.648:   %% -->Удаление данных для восстановления: , F:\УПП 6.2.5.131\backup\361328221056553000000000001.card
01.10.2018 15:35:32.648:   %% Удаляем файлы с сохраненными битмапами для карты 36132822105655300...
01.10.2018 15:35:32.648:   %% -->Не найдено файлов для удаления
01.10.2018 15:35:32.648: **КОНЕЦ**PrepareAndWriteData: OK (0)
01.10.2018 15:35:33.976: **НАЧАЛО**ReadCardAndGetMenuData
01.10.2018 15:35:33.987:   ===Карта: 36132822105655300
01.10.2018 15:35:35.108:   >>Прочитанные данные:
Карта №36132822105655300
Мес.трам.-трол.-авт
годен с 01.10.2018 по 31.10.2018
данные о записанном ПБ отсутствуют
Единый электронный билет-пополнение 
Ресурс 0 руб. 0 коп. 
данные о записанном ПБ отсутствуют 
Неактивирован 
Остаток неактивированных билетов 0
01.10.2018 15:35:35.108: **КОНЕЦ**ReadCardAndGetMenuData: OK (0)
01.10.2018 15:35:59.023: **НАЧАЛО**ReadCardAndGetMenuData
01.10.2018 15:35:59.034:   ===Карта: 36132822104870404
01.10.2018 15:36:00.224:   >>Прочитанные данные:
Карта №36132822104870404
данные о записанном ПБ отсутствуют
данные о записанном ПБ отсутствуют
Единый электронный билет-пополнение 
Ресурс 0 руб. 0 коп. 
данные о записанном ПБ отсутствуют 
Неактивирован 
Остаток неактивированных билетов 0
01.10.2018 15:36:00.224: **КОНЕЦ**ReadCardAndGetMenuData: OK (0)
01.10.2018 15:36:12.263: **НАЧАЛО**ReadCardAndGetMenuData
01.10.2018 15:36:12.275:   ===Карта: 36132822104870404
01.10.2018 15:36:13.425:   >>Прочитанные данные:
Карта №36132822104870404
данные о записанном ПБ отсутствуют
данные о записанном ПБ отсутствуют
Единый электронный билет-пополнение 
Ресурс 0 руб. 0 коп. 
данные о записанном ПБ отсутствуют 
Неактивирован 
Остаток неактивированных билетов 0
01.10.2018 15:36:13.425: **КОНЕЦ**ReadCardAndGetMenuData: OK (0)
01.10.2018 15:36:32.662: **НАЧАЛО**ReadCardAndGetMenuData
01.10.2018 15:36:32.674:   ===Карта: 36132822103437572
01.10.2018 15:36:33.925:   >>Прочитанные данные:
Карта №36132822103437572
данные о записанном ПБ отсутствуют
данные о записанном ПБ отсутствуют
Единый электронный билет-пополнение 
Ресурс 0 руб. 0 коп. 
данные о записанном ПБ отсутствуют 
Неактивирован 
Остаток неактивированных билетов 0
01.10.2018 15:36:33.925: **КОНЕЦ**ReadCardAndGetMenuData: OK (0)
01.10.2018 15:38:42.038: **НАЧАЛО**ReadCardAndGetMenuData
01.10.2018 15:38:42.050:   ===Карта: 36131394160763140
01.10.2018 15:38:43.310:   >>Прочитанные данные:
Карта №36131394160763140
данные о записанном ПБ отсутствуют
Единый ученич 9-11 (29)
истек срок действия
Единый электронный билет-пополнение 
Ресурс 0 руб. 0 коп. 
данные о записанном ПБ отсутствуют 
Неактивирован 
Остаток неактивированных билетов 0
01.10.2018 15:38:43.310: **КОНЕЦ**ReadCardAndGetMenuData: OK (0)
01.10.2018 15:43:30.298: ..........Версия: 6.3.4.............
01.10.2018 15:43:50.435: Кассовый аппарат найден
01.10.2018 15:43:51.104: BSKLIB Ver: 5.6.3; File: F:\УПП 6.2.5.131\Erlib.dll
01.10.2018 15:43:51.914: PointID: 1170052609694336
01.10.2018 15:43:53.572: Ридер найден
01.10.2018 15:43:53.573:   КАССА -> GetStatus = 0
01.10.2018 15:43:55.112: Тех-карта тип 1
01.10.2018 15:44:01.118: Тех-карта тип 120
01.10.2018 15:44:01.118: Тех-карта тип 120 обмен ...
01.10.2018 15:44:01.151: *****проверена карта рабочего места: 36066744031200516; номер рабочего места: 66
01.10.2018 15:44:01.172: Тех-карта результат от сервера : Аутентификация проведена успешно, но требуется проверка карты кассира (125)
01.10.2018 15:44:05.268: Тех-карта тип 121
01.10.2018 15:44:05.268: Тех-карта тип 121 обмен ...
01.10.2018 15:44:15.302: Тех-карта результат от сервера : Превышено время ожидания ответного пакета (2:14)
01.10.2018 15:44:17.452:   КАССА -> GetStatus = 0
01.10.2018 15:44:23.020: ..........Версия: 6.3.4.............
01.10.2018 15:44:43.157: Кассовый аппарат найден
01.10.2018 15:44:43.836: BSKLIB Ver: 5.6.3; File: F:\УПП 6.2.5.131\Erlib.dll
01.10.2018 15:44:44.562: PointID: 1170052609694336
01.10.2018 15:44:46.267: Ридер найден
01.10.2018 15:44:46.268:   КАССА -> GetStatus = 0
01.10.2018 15:44:49.213: Тех-карта тип 120
01.10.2018 15:44:49.213: Тех-карта тип 120 обмен ...
01.10.2018 15:44:49.246: *****проверена карта рабочего места: 36066744031200516; номер рабочего места: 66
01.10.2018 15:44:49.266: Тех-карта результат от сервера : Аутентификация проведена успешно, но требуется проверка карты кассира (125)
01.10.2018 15:44:51.610: Тех-карта тип 121
01.10.2018 15:44:51.610: Тех-карта тип 121 обмен ...
01.10.2018 15:44:51.703: *****проверена карта кассира: 36081385846891780; номер кассира: 218
01.10.2018 15:44:51.735:   КАССА -> GetStatus = 0
01.10.2018 15:45:09.761: =============Печатаем чек: 
01.10.2018 15:45:10.761: Count: 1
01.10.2018 15:45:10.761: Flags: 0
01.10.2018 15:45:10.761: 0: Цена: 67; Отдел: 7
01.10.2018 15:45:10.761: >>Проездной билет

01.10.2018 15:45:10.782: =============result:  0
01.10.2018 15:45:13.122: **НАЧАЛО**ReadCardAndGetMenuData
01.10.2018 15:45:13.133:   ===Карта: 36131394160763140
01.10.2018 15:45:17.682:   >>Прочитанные данные:
Карта №36131394160763140
данные о записанном ПБ отсутствуют
Единый ученич 9-11 (29)
истек срок действия
Единый электронный билет-пополнение 
Ресурс 0 руб. 0 коп. 
данные о записанном ПБ отсутствуют 
Неактивирован 
Остаток неактивированных билетов 0
01.10.2018 15:45:17.682: **КОНЕЦ**ReadCardAndGetMenuData: OK (0)
01.10.2018 15:46:01.850: **НАЧАЛО**ReadCardAndGetMenuData
01.10.2018 15:46:01.862:   ===Карта: 36131389865083140
01.10.2018 15:46:05.913:   >>Прочитанные данные:
Карта №36131389865083140
данные о записанном ПБ отсутствуют
Единый ученич 9-11 (29)
Единый электронный билет-пополнение 
Ресурс 0 руб. 0 коп. 
данные о записанном ПБ отсутствуют 
Неактивирован 
Остаток неактивированных билетов 0
01.10.2018 15:46:05.913: **КОНЕЦ**ReadCardAndGetMenuData: OK (0)
01.10.2018 15:46:35.400: =============Печатаем чек: 
01.10.2018 15:46:36.401: Count: 1
01.10.2018 15:46:36.401: Flags: 0
01.10.2018 15:46:36.401: 0: Цена: 340; Отдел: 7
01.10.2018 15:46:36.401: >>Проездной билет

01.10.2018 15:46:36.436: =============result:  0
01.10.2018 15:46:39.283: **НАЧАЛО**ReadCardAndGetMenuData
01.10.2018 15:46:39.300:   ===Карта: 36131389865083140
01.10.2018 15:46:43.950:   >>Прочитанные данные:
Карта №36131389865083140
данные о записанном ПБ отсутствуют
Единый ученич 9-11 (29)
Единый электронный билет-пополнение 
Ресурс 0 руб. 0 коп. 
данные о записанном ПБ отсутствуют 
Неактивирован 
Остаток неактивированных билетов 0
01.10.2018 15:46:43.950: **КОНЕЦ**ReadCardAndGetMenuData: OK (0)
01.10.2018 15:53:11.981: ..........Версия: 6.3.4.............
01.10.2018 15:53:32.120: Кассовый аппарат найден
01.10.2018 15:53:32.795: BSKLIB Ver: 5.6.3; File: F:\УПП 6.2.5.131\Erlib.dll
01.10.2018 15:53:33.598: PointID: 1170052609694336
01.10.2018 15:53:35.284: Ридер найден
01.10.2018 15:53:35.285:   КАССА -> GetStatus = 0
01.10.2018 15:55:40.247: Тех-карта: Ошибка ридера (2:3): 
01.10.2018 15:55:41.892: Тех-карта тип 120
01.10.2018 15:55:41.892: Тех-карта тип 120 обмен ...
01.10.2018 15:55:41.925: *****проверена карта рабочего места: 36066744031200516; номер рабочего места: 66
01.10.2018 15:55:41.946: Тех-карта результат от сервера : Аутентификация проведена успешно, но требуется проверка карты кассира (125)
01.10.2018 15:55:43.529: Тех-карта тип 121
01.10.2018 15:55:43.529: Тех-карта тип 121 обмен ...
01.10.2018 15:55:43.583: *****проверена карта кассира: 36081385846891780; номер кассира: 218
01.10.2018 15:55:43.641:   КАССА -> GetStatus = 0
01.10.2018 15:55:48.319: **НАЧАЛО**ReadCardAndGetMenuData
01.10.2018 15:55:48.344:   ===Карта: 36131553610834948
01.10.2018 15:55:49.414:   >>Прочитанные данные:
Карта №36131553610834948
данные о записанном ПБ отсутствуют
Единый льготный (49)
годен с 18.09.2018 по 17.10.2018 и с 18.10.2018 по 17.11.2018
Единый электронный билет-пополнение 
Ресурс 8 руб. 0 коп. 
данные о записанном ПБ отсутствуют 
Неактивирован 
Остаток неактивированных билетов 0
01.10.2018 15:55:49.414: **КОНЕЦ**ReadCardAndGetMenuData: OK (0)
01.10.2018 17:21:32.692: ..........Версия: 6.3.4.............
01.10.2018 17:21:52.830: Кассовый аппарат найден
01.10.2018 17:21:53.516: BSKLIB Ver: 5.6.3; File: F:\УПП 6.2.5.131\Erlib.dll
01.10.2018 17:21:54.144: PointID: 1170052609694336
01.10.2018 17:21:55.780: Ридер найден
01.10.2018 17:21:55.781:   КАССА -> GetStatus = 0
